<?xml version="1.0" encoding="UTF-8" ?>
<testsuite errors="0" failures="0" hostname="DESKTOP-RK7HNJS" name="helloworld.tests.HelloWorldHelperTests" skipped="0" tests="2" time="0.096" timestamp="2016-03-28T14:45:51">
  <properties>
[...]
</properties>
  <testcase classname="helloworld.tests.HelloWorldHelperTests" name="HelloWorldHelperReturnsAPopulatedString" time="0.002" />
  <testcase classname="helloworld.tests.HelloWorldHelperTests" name="HelloWorldHelperReturnsSameString" time="0.0" />
  <system-out><![CDATA[]]></system-out>
  <system-err><![CDATA[]]></system-err>
</testsuite>
